[2022-03-21T11:35:38.656] [ERROR] default - TypeError: this.dao.updateOne is not a function
    at CartService.addProductCart (file:///C:/Escritorio/Coder%20House/Programacion%20Backend/Tercera%20entrega%20Proyecto%20final/Entregable/src/services/carts.js:11:41)
    at file:///C:/Escritorio/Coder%20House/Programacion%20Backend/Tercera%20entrega%20Proyecto%20final/Entregable/src/routes/carrito.js:23:17
    at Layer.handle [as handle_request] (C:\Escritorio\Coder House\Programacion Backend\Tercera entrega Proyecto final\Entregable\node_modules\express\lib\router\layer.js:95:5)
    at next (C:\Escritorio\Coder House\Programacion Backend\Tercera entrega Proyecto final\Entregable\node_modules\express\lib\router\route.js:137:13)
    at Route.dispatch (C:\Escritorio\Coder House\Programacion Backend\Tercera entrega Proyecto final\Entregable\node_modules\express\lib\router\route.js:112:3)
    at Layer.handle [as handle_request] (C:\Escritorio\Coder House\Programacion Backend\Tercera entrega Proyecto final\Entregable\node_modules\express\lib\router\layer.js:95:5)
    at C:\Escritorio\Coder House\Programacion Backend\Tercera entrega Proyecto final\Entregable\node_modules\express\lib\router\index.js:281:22
    at param (C:\Escritorio\Coder House\Programacion Backend\Tercera entrega Proyecto final\Entregable\node_modules\express\lib\router\index.js:354:14)
    at param (C:\Escritorio\Coder House\Programacion Backend\Tercera entrega Proyecto final\Entregable\node_modules\express\lib\router\index.js:365:14)
    at Function.process_params (C:\Escritorio\Coder House\Programacion Backend\Tercera entrega Proyecto final\Entregable\node_modules\express\lib\router\index.js:410:3)
[2022-03-21T11:36:29.661] [ERROR] default - Error: Entity [object Object] not in dao schemas
    at Dao.update (file:///C:/Escritorio/Coder%20House/Programacion%20Backend/Tercera%20entrega%20Proyecto%20final/Entregable/src/model/Dao.js:45:40)
    at CartService.addProductCart (file:///C:/Escritorio/Coder%20House/Programacion%20Backend/Tercera%20entrega%20Proyecto%20final/Entregable/src/services/carts.js:11:41)
    at file:///C:/Escritorio/Coder%20House/Programacion%20Backend/Tercera%20entrega%20Proyecto%20final/Entregable/src/routes/carrito.js:23:17
    at Layer.handle [as handle_request] (C:\Escritorio\Coder House\Programacion Backend\Tercera entrega Proyecto final\Entregable\node_modules\express\lib\router\layer.js:95:5)
    at next (C:\Escritorio\Coder House\Programacion Backend\Tercera entrega Proyecto final\Entregable\node_modules\express\lib\router\route.js:137:13)
    at Route.dispatch (C:\Escritorio\Coder House\Programacion Backend\Tercera entrega Proyecto final\Entregable\node_modules\express\lib\router\route.js:112:3)
    at Layer.handle [as handle_request] (C:\Escritorio\Coder House\Programacion Backend\Tercera entrega Proyecto final\Entregable\node_modules\express\lib\router\layer.js:95:5)
    at C:\Escritorio\Coder House\Programacion Backend\Tercera entrega Proyecto final\Entregable\node_modules\express\lib\router\index.js:281:22
    at param (C:\Escritorio\Coder House\Programacion Backend\Tercera entrega Proyecto final\Entregable\node_modules\express\lib\router\index.js:354:14)
    at param (C:\Escritorio\Coder House\Programacion Backend\Tercera entrega Proyecto final\Entregable\node_modules\express\lib\router\index.js:365:14)
[2022-03-21T11:41:24.145] [ERROR] default - Error: Entity [object Object] not in dao schemas
    at Dao.update (file:///C:/Escritorio/Coder%20House/Programacion%20Backend/Tercera%20entrega%20Proyecto%20final/Entregable/src/model/Dao.js:45:40)
    at CartService.addProductCart (file:///C:/Escritorio/Coder%20House/Programacion%20Backend/Tercera%20entrega%20Proyecto%20final/Entregable/src/services/carts.js:11:41)
    at file:///C:/Escritorio/Coder%20House/Programacion%20Backend/Tercera%20entrega%20Proyecto%20final/Entregable/src/routes/carrito.js:23:17
    at Layer.handle [as handle_request] (C:\Escritorio\Coder House\Programacion Backend\Tercera entrega Proyecto final\Entregable\node_modules\express\lib\router\layer.js:95:5)
    at next (C:\Escritorio\Coder House\Programacion Backend\Tercera entrega Proyecto final\Entregable\node_modules\express\lib\router\route.js:137:13)
    at Route.dispatch (C:\Escritorio\Coder House\Programacion Backend\Tercera entrega Proyecto final\Entregable\node_modules\express\lib\router\route.js:112:3)
    at Layer.handle [as handle_request] (C:\Escritorio\Coder House\Programacion Backend\Tercera entrega Proyecto final\Entregable\node_modules\express\lib\router\layer.js:95:5)
    at C:\Escritorio\Coder House\Programacion Backend\Tercera entrega Proyecto final\Entregable\node_modules\express\lib\router\index.js:281:22
    at param (C:\Escritorio\Coder House\Programacion Backend\Tercera entrega Proyecto final\Entregable\node_modules\express\lib\router\index.js:354:14)
    at param (C:\Escritorio\Coder House\Programacion Backend\Tercera entrega Proyecto final\Entregable\node_modules\express\lib\router\index.js:365:14)
[2022-04-04T18:11:48.599] [ERROR] default - Error: CastError: Cast to ObjectId failed for value "auriculares" (type string) at path "products"
[2022-04-05T18:14:06.922] [ERROR] default - Error: CastError: Cast to ObjectId failed for value "https://cdn4.iconfinder.com/data/icons/BRILLIANT/networking/png/256/headphone.png" (type string) at path "products"
[2022-04-05T18:15:39.922] [ERROR] default - Error: CastError: Cast to ObjectId failed for value "auriculares" (type string) at path "products"
